<?xml version="1.0" encoding="UTF-8"?>
<!-- Generated by org.testng.reporters.JUnitReportReporter -->
<testsuite hostname="DESKTOP-0ND1PB8" failures="0" tests="4" name="testNgBasics.DisableScripts" time="107.372" errors="0" timestamp="2024-04-04T13:04:14 IST" skipped="1">
  <testcase classname="testNgBasics.DisableScripts" name="test2" time="78.430">
    <system-out>
      <![CDATA[IT Test Case 2]]>
    </system-out>
  </testcase> <!-- test2 -->
  <testcase classname="testNgBasics.DisableScripts" name="test4" time="8.536">
    <system-out>
      <![CDATA[FT Test Case 4]]>
    </system-out>
  </testcase> <!-- test4 -->
  <testcase classname="testNgBasics.DisableScripts" name="test3" time="20.406">
    <system-out>
      <![CDATA[IT Test Case 3]]>
    </system-out>
  </testcase> <!-- test3 -->
  <testcase classname="testNgBasics.DisableScripts" name="test1">
    <skipped/>
  </testcase> <!-- test1 -->
  <system-out>
    <![CDATA[smoke Add_To_Cart
ST login_002
IT Test Case 2
Smoke login_001
IT Test Case 3
 Smoke Login
FT Test Case 4
 FT Register]]>
  </system-out>
</testsuite> <!-- testNgBasics.DisableScripts -->
