<?xml version="1.0" encoding="UTF-8"?>
<!-- Generated by org.testng.reporters.JUnitReportReporter -->
<testsuite hostname="DESKTOP-0ND1PB8" failures="0" tests="1" name="testNgBasics.HomeTest" time="16.681" errors="0" timestamp="2024-04-06T12:54:19 IST" skipped="0">
  <testcase classname="testNgBasics.HomeTest" name="Home_001" time="16.681"/>
  <system-out>
    <![CDATA[Database Connection Established
Before Test
Browser Launched Successfully
Log in Successful 
Log out successful
Browser is Closed
After Test
Database Connection Closed]]>
  </system-out>
</testsuite> <!-- testNgBasics.HomeTest -->
