<?xml version="1.0" encoding="UTF-8"?>
<!-- Generated by org.testng.reporters.JUnitReportReporter -->
<testsuite hostname="DESKTOP-0ND1PB8" failures="0" tests="3" name="testNgBasics.TestShoppersStack" time="37.769" errors="0" timestamp="2024-04-05T12:47:17 IST" skipped="0">
  <testcase classname="testNgBasics.TestShoppersStack" name="Test_001" time="9.759"/>
  <testcase classname="testNgBasics.TestShoppersStack" name="Test_001" time="10.146"/>
  <testcase classname="testNgBasics.TestShoppersStack" name="Test_001" time="17.864"/>
  <system-out>
    <![CDATA[Database Connection Established
Before Test
Log in Successful 
Log out successful
After Test
Before Test
Log in Successful 
Log out successful
After Test
Before Test
Log in Successful 
Log out successful
After Test
Dababase Connection Closed]]>
  </system-out>
</testsuite> <!-- testNgBasics.TestShoppersStack -->
