<?xml version="1.0" encoding="UTF-8"?>
<!-- Generated by org.testng.reporters.JUnitReportReporter -->
<testsuite hostname="DESKTOP-0ND1PB8" failures="0" tests="3" name="testNgBasics.loginTestDataProvider" time="36.659" errors="0" timestamp="2024-04-02T13:03:33 IST" skipped="0">
  <testcase classname="testNgBasics.loginTestDataProvider" name="login_001" time="9.490"/>
  <testcase classname="testNgBasics.loginTestDataProvider" name="login_001" time="16.857"/>
  <testcase classname="testNgBasics.loginTestDataProvider" name="login_001" time="10.312"/>
</testsuite> <!-- testNgBasics.loginTestDataProvider -->
