<?xml version="1.0" encoding="UTF-8"?>
<!-- Generated by org.testng.reporters.JUnitReportReporter -->
<testsuite hostname="DESKTOP-0ND1PB8" failures="0" tests="3" name="testNgBasics.DependencyTest" time="107.912" errors="0" timestamp="2024-04-04T13:04:14 IST" skipped="0">
  <testcase classname="testNgBasics.DependencyTest" name="AdddToCart" time="77.897">
    <system-out>
      <![CDATA[smoke Add_To_Cart]]>
    </system-out>
  </testcase> <!-- AdddToCart -->
  <testcase classname="testNgBasics.DependencyTest" name="login" time="20.935">
    <system-out>
      <![CDATA[ Smoke Login]]>
    </system-out>
  </testcase> <!-- login -->
  <testcase classname="testNgBasics.DependencyTest" name="register" time="9.080">
    <system-out>
      <![CDATA[ FT Register]]>
    </system-out>
  </testcase> <!-- register -->
  <system-out>
    <![CDATA[smoke Add_To_Cart
ST login_002
IT Test Case 2
Smoke login_001
IT Test Case 3
 Smoke Login
FT Test Case 4
 FT Register]]>
  </system-out>
</testsuite> <!-- testNgBasics.DependencyTest -->
