<?xml version="1.0" encoding="UTF-8"?>
<!-- Generated by org.testng.reporters.JUnitReportReporter -->
<testsuite hostname="DESKTOP-0ND1PB8" failures="0" tests="1" name="testNgBasics.BooksTestAssertion" time="27.945" errors="0" timestamp="2024-04-01T20:21:22 IST" skipped="0">
  <testcase classname="testNgBasics.BooksTestAssertion" name="book_001" time="27.945"/>
</testsuite> <!-- testNgBasics.BooksTestAssertion -->
