<?xml version="1.0" encoding="UTF-8"?>
<!-- Generated by org.testng.reporters.JUnitReportReporter -->
<testsuite hostname="DESKTOP-0ND1PB8" failures="0" tests="3" name="genericLibrary.BaseClass" time="0.044" errors="0" timestamp="2024-04-02T13:53:06 IST" skipped="0">
  <testcase classname="genericLibrary.BaseClass" name="Test2" time="0.009">
    <system-out>
      <![CDATA[Test 2]]>
    </system-out>
  </testcase> <!-- Test2 -->
  <testcase classname="genericLibrary.BaseClass" name="Test3" time="0.013">
    <system-out>
      <![CDATA[Test 3]]>
    </system-out>
  </testcase> <!-- Test3 -->
  <testcase classname="genericLibrary.BaseClass" name="Test1" time="0.022">
    <system-out>
      <![CDATA[Test 1]]>
    </system-out>
  </testcase> <!-- Test1 -->
  <system-out>
    <![CDATA[Before Siute
Before Test
Before Class
Before Method
Test 1
Before Method
Test 2
Before Method
Test 3]]>
  </system-out>
</testsuite> <!-- genericLibrary.BaseClass -->
