<?xml version="1.0" encoding="UTF-8"?>
<!-- Generated by org.testng.reporters.JUnitReportReporter -->
<testsuite hostname="DESKTOP-0ND1PB8" failures="0" tests="1" name="testNgBasics.ElectroicsTest" time="21.620" errors="0" timestamp="2024-04-07T21:11:50 IST" skipped="0">
  <testcase classname="testNgBasics.ElectroicsTest" name="electronics_cellphone_001" time="21.620">
    <system-out>
      <![CDATA[Electronics page is Dispalyed
Cell phones page is Dispalyed]]>
    </system-out>
  </testcase> <!-- electronics_cellphone_001 -->
  <system-out>
    <![CDATA[Database Connection Established
Before Test
Browser Launched Successfully
Log in Successful 
Electronics page is Dispalyed
Cell phones page is Dispalyed
Log out successful
Browser is Closed
After Test
Database Connection Closed]]>
  </system-out>
</testsuite> <!-- testNgBasics.ElectroicsTest -->
