<?xml version="1.0" encoding="UTF-8"?>
<!-- Generated by org.testng.reporters.JUnitReportReporter -->
<testsuite hostname="DESKTOP-0ND1PB8" failures="0" tests="1" name="testNgBasics.JewelryTest" time="16.197" errors="0" timestamp="2024-04-10T13:18:05 IST" skipped="0">
  <testcase classname="testNgBasics.JewelryTest" name="jewelry_001" time="16.197">
    <system-out>
      <![CDATA[Jewelry Page Is Dispalyed]]>
    </system-out>
  </testcase> <!-- jewelry_001 -->
  <system-out>
    <![CDATA[Database Connection Established
Before Test
Browser Launched Successfully
Log in Successful 
Jewelry Page Is Dispalyed
Log out successful
Browser is Closed
After Test
Database Connection Closed]]>
  </system-out>
</testsuite> <!-- testNgBasics.JewelryTest -->
